TN:
SF:01-requestcount.js
FNF:0
FNH:0
DA:1,1
DA:2,1
DA:3,1
DA:4,1
DA:5,1
DA:6,1
DA:7,1
DA:8,1
DA:9,1
DA:10,12
DA:11,12
DA:12,1
DA:13,1
DA:14,1
DA:15,10
DA:16,1
DA:17,1
DA:18,1
DA:19,0
DA:20,1
DA:21,1
DA:22,1
DA:23,2
DA:24,1
DA:25,1
DA:26,1
LF:26
LH:25
BRDA:9,0,0,12
BRDA:14,1,0,10
BRDA:22,2,0,2
BRF:3
BRH:3
end_of_record
TN:
SF:02-ratelimitter.js
FNF:0
FNH:0
DA:1,1
DA:2,1
DA:3,1
DA:4,1
DA:5,1
DA:6,1
DA:7,1
DA:8,1
DA:9,1
DA:10,2
DA:11,1
DA:12,1
DA:13,1
DA:14,1
DA:15,13
DA:16,13
DA:17,13
DA:18,0
DA:19,0
DA:20,13
DA:21,13
DA:22,2
DA:23,2
DA:24,13
DA:25,13
DA:26,13
DA:27,13
DA:28,7
DA:29,7
DA:30,6
DA:31,6
DA:32,1
DA:33,1
DA:34,1
DA:35,1
DA:36,0
DA:37,0
DA:38,1
DA:39,1
DA:40,1
DA:41,6
DA:42,6
DA:43,0
DA:44,0
DA:45,6
DA:46,1
DA:47,1
DA:48,1
DA:49,0
DA:50,1
DA:51,1
DA:52,1
DA:53,0
DA:54,1
DA:55,1
DA:56,1
LF:56
LH:48
BRDA:9,0,0,2
BRDA:14,1,0,13
BRDA:17,2,0,0
BRDA:21,3,0,2
BRDA:27,4,0,7
BRDA:29,5,0,6
BRDA:40,6,0,6
BRDA:42,7,0,0
BRF:8
BRH:6
end_of_record
TN:
SF:03-errorcount.js
FNF:0
FNH:0
DA:1,1
DA:2,1
DA:3,1
DA:4,1
DA:5,1
DA:6,1
DA:7,1
DA:8,1
DA:9,11
DA:10,11
DA:11,1
DA:12,1
DA:13,1
DA:14,0
DA:15,1
DA:16,1
DA:17,1
DA:18,2
DA:19,1
DA:20,1
DA:21,1
DA:22,1
DA:23,11
DA:24,11
DA:25,1
DA:26,1
DA:27,1
LF:27
LH:26
BRDA:8,0,0,11
BRDA:17,1,0,2
BRDA:22,2,0,11
BRF:3
BRH:3
end_of_record
